{"/home/katerus16/frontend-project-46/index.js": {"path":"/home/katerus16/frontend-project-46/index.js","all":false,"statementMap":{"0":{"start":{"line":1,"column":0},"end":{"line":1,"column":23}},"1":{"start":{"line":2,"column":0},"end":{"line":2,"column":76}},"2":{"start":{"line":3,"column":0},"end":{"line":3,"column":51}},"3":{"start":{"line":4,"column":0},"end":{"line":4,"column":0}},"4":{"start":{"line":5,"column":0},"end":{"line":5,"column":51}},"5":{"start":{"line":6,"column":0},"end":{"line":6,"column":29}},"6":{"start":{"line":7,"column":0},"end":{"line":7,"column":29}},"7":{"start":{"line":8,"column":0},"end":{"line":8,"column":52}},"8":{"start":{"line":9,"column":0},"end":{"line":9,"column":43}},"9":{"start":{"line":10,"column":0},"end":{"line":10,"column":25}},"10":{"start":{"line":11,"column":0},"end":{"line":11,"column":35}},"11":{"start":{"line":12,"column":0},"end":{"line":12,"column":22}},"12":{"start":{"line":13,"column":0},"end":{"line":13,"column":50}},"13":{"start":{"line":14,"column":0},"end":{"line":14,"column":9}},"14":{"start":{"line":15,"column":0},"end":{"line":15,"column":55}},"15":{"start":{"line":16,"column":0},"end":{"line":16,"column":79}},"16":{"start":{"line":17,"column":0},"end":{"line":17,"column":7}},"17":{"start":{"line":18,"column":0},"end":{"line":18,"column":12}},"18":{"start":{"line":19,"column":0},"end":{"line":19,"column":36}},"19":{"start":{"line":20,"column":0},"end":{"line":20,"column":24}},"20":{"start":{"line":21,"column":0},"end":{"line":21,"column":52}},"21":{"start":{"line":22,"column":0},"end":{"line":22,"column":11}},"22":{"start":{"line":23,"column":0},"end":{"line":23,"column":7}},"23":{"start":{"line":24,"column":0},"end":{"line":24,"column":36}},"24":{"start":{"line":25,"column":0},"end":{"line":25,"column":24}},"25":{"start":{"line":26,"column":0},"end":{"line":26,"column":52}},"26":{"start":{"line":27,"column":0},"end":{"line":27,"column":11}},"27":{"start":{"line":28,"column":0},"end":{"line":28,"column":7}},"28":{"start":{"line":29,"column":0},"end":{"line":29,"column":5}},"29":{"start":{"line":30,"column":0},"end":{"line":30,"column":21}},"30":{"start":{"line":31,"column":0},"end":{"line":31,"column":5}},"31":{"start":{"line":32,"column":0},"end":{"line":32,"column":14}},"32":{"start":{"line":33,"column":0},"end":{"line":33,"column":2}},"33":{"start":{"line":34,"column":0},"end":{"line":34,"column":0}},"34":{"start":{"line":35,"column":0},"end":{"line":35,"column":44}},"35":{"start":{"line":36,"column":0},"end":{"line":36,"column":49}},"36":{"start":{"line":37,"column":0},"end":{"line":37,"column":83}},"37":{"start":{"line":38,"column":0},"end":{"line":38,"column":2}},"38":{"start":{"line":39,"column":0},"end":{"line":39,"column":0}},"39":{"start":{"line":40,"column":0},"end":{"line":40,"column":23}}},"s":{"0":1,"1":1,"2":1,"3":1,"4":1,"5":5,"6":5,"7":5,"8":5,"9":18,"10":18,"11":7,"12":7,"13":7,"14":7,"15":4,"16":4,"17":18,"18":11,"19":6,"20":6,"21":6,"22":6,"23":11,"24":9,"25":9,"26":9,"27":9,"28":11,"29":18,"30":5,"31":5,"32":5,"33":1,"34":1,"35":1,"36":1,"37":1,"38":1,"39":1},"branchMap":{"0":{"type":"branch","line":5,"loc":{"start":{"line":5,"column":27},"end":{"line":33,"column":2}},"locations":[{"start":{"line":5,"column":27},"end":{"line":33,"column":2}}]},"1":{"type":"branch","line":9,"loc":{"start":{"line":9,"column":34},"end":{"line":31,"column":3}},"locations":[{"start":{"line":9,"column":34},"end":{"line":31,"column":3}}]},"2":{"type":"branch","line":11,"loc":{"start":{"line":11,"column":34},"end":{"line":18,"column":5}},"locations":[{"start":{"line":11,"column":34},"end":{"line":18,"column":5}}]},"3":{"type":"branch","line":15,"loc":{"start":{"line":15,"column":29},"end":{"line":15,"column":52}},"locations":[{"start":{"line":15,"column":29},"end":{"line":15,"column":52}}]},"4":{"type":"branch","line":15,"loc":{"start":{"line":15,"column":54},"end":{"line":17,"column":7}},"locations":[{"start":{"line":15,"column":54},"end":{"line":17,"column":7}}]},"5":{"type":"branch","line":18,"loc":{"start":{"line":18,"column":5},"end":{"line":29,"column":5}},"locations":[{"start":{"line":18,"column":5},"end":{"line":29,"column":5}}]},"6":{"type":"branch","line":19,"loc":{"start":{"line":19,"column":35},"end":{"line":23,"column":7}},"locations":[{"start":{"line":19,"column":35},"end":{"line":23,"column":7}}]},"7":{"type":"branch","line":24,"loc":{"start":{"line":24,"column":35},"end":{"line":28,"column":7}},"locations":[{"start":{"line":24,"column":35},"end":{"line":28,"column":7}}]},"8":{"type":"branch","line":35,"loc":{"start":{"line":35,"column":16},"end":{"line":38,"column":2}},"locations":[{"start":{"line":35,"column":16},"end":{"line":38,"column":2}}]},"9":{"type":"branch","line":37,"loc":{"start":{"line":37,"column":60},"end":{"line":37,"column":82}},"locations":[{"start":{"line":37,"column":60},"end":{"line":37,"column":82}}]}},"b":{"0":[5],"1":[18],"2":[7],"3":[4],"4":[4],"5":[11],"6":[6],"7":[9],"8":[1],"9":[0]},"fnMap":{"0":{"name":"genDiffRecursively","decl":{"start":{"line":5,"column":27},"end":{"line":33,"column":2}},"loc":{"start":{"line":5,"column":27},"end":{"line":33,"column":2}},"line":5},"1":{"name":"genDiff","decl":{"start":{"line":35,"column":16},"end":{"line":38,"column":2}},"loc":{"start":{"line":35,"column":16},"end":{"line":38,"column":2}},"line":35}},"f":{"0":5,"1":1}}
,"/home/katerus16/frontend-project-46/src/formaters.js": {"path":"/home/katerus16/frontend-project-46/src/formaters.js","all":false,"statementMap":{"0":{"start":{"line":1,"column":0},"end":{"line":1,"column":23}},"1":{"start":{"line":2,"column":0},"end":{"line":2,"column":38}},"2":{"start":{"line":3,"column":0},"end":{"line":3,"column":0}},"3":{"start":{"line":4,"column":0},"end":{"line":4,"column":56}},"4":{"start":{"line":5,"column":0},"end":{"line":5,"column":0}},"5":{"start":{"line":6,"column":0},"end":{"line":6,"column":63}},"6":{"start":{"line":7,"column":0},"end":{"line":7,"column":59}},"7":{"start":{"line":8,"column":0},"end":{"line":8,"column":86}},"8":{"start":{"line":9,"column":0},"end":{"line":9,"column":71}},"9":{"start":{"line":10,"column":0},"end":{"line":10,"column":77}},"10":{"start":{"line":11,"column":0},"end":{"line":11,"column":62}},"11":{"start":{"line":12,"column":0},"end":{"line":12,"column":2}},"12":{"start":{"line":13,"column":0},"end":{"line":13,"column":0}},"13":{"start":{"line":14,"column":0},"end":{"line":14,"column":40}},"14":{"start":{"line":15,"column":0},"end":{"line":15,"column":32}},"15":{"start":{"line":16,"column":0},"end":{"line":16,"column":33}},"16":{"start":{"line":17,"column":0},"end":{"line":17,"column":97}},"17":{"start":{"line":18,"column":0},"end":{"line":18,"column":5}},"18":{"start":{"line":19,"column":0},"end":{"line":19,"column":75}},"19":{"start":{"line":20,"column":0},"end":{"line":20,"column":3}},"20":{"start":{"line":21,"column":0},"end":{"line":21,"column":90}},"21":{"start":{"line":22,"column":0},"end":{"line":22,"column":2}},"22":{"start":{"line":23,"column":0},"end":{"line":23,"column":0}},"23":{"start":{"line":24,"column":0},"end":{"line":24,"column":46}},"24":{"start":{"line":25,"column":0},"end":{"line":25,"column":18}},"25":{"start":{"line":26,"column":0},"end":{"line":26,"column":20}},"26":{"start":{"line":27,"column":0},"end":{"line":27,"column":25}},"27":{"start":{"line":28,"column":0},"end":{"line":28,"column":32}},"28":{"start":{"line":29,"column":0},"end":{"line":29,"column":29}},"29":{"start":{"line":30,"column":0},"end":{"line":30,"column":5}},"30":{"start":{"line":31,"column":0},"end":{"line":31,"column":32}},"31":{"start":{"line":32,"column":0},"end":{"line":32,"column":59}},"32":{"start":{"line":33,"column":0},"end":{"line":33,"column":50}},"33":{"start":{"line":34,"column":0},"end":{"line":34,"column":7}},"34":{"start":{"line":35,"column":0},"end":{"line":35,"column":5}},"35":{"start":{"line":36,"column":0},"end":{"line":36,"column":26}},"36":{"start":{"line":37,"column":0},"end":{"line":37,"column":52}},"37":{"start":{"line":38,"column":0},"end":{"line":38,"column":5}},"38":{"start":{"line":39,"column":0},"end":{"line":39,"column":25}},"39":{"start":{"line":40,"column":0},"end":{"line":40,"column":2}},"40":{"start":{"line":41,"column":0},"end":{"line":41,"column":0}},"41":{"start":{"line":42,"column":0},"end":{"line":42,"column":40}},"42":{"start":{"line":43,"column":0},"end":{"line":43,"column":41}},"43":{"start":{"line":44,"column":0},"end":{"line":44,"column":2}}},"s":{"0":1,"1":1,"2":1,"3":1,"4":1,"5":1,"6":7,"7":7,"8":3,"9":7,"10":7,"11":7,"12":1,"13":1,"14":22,"15":8,"16":4,"17":4,"18":4,"19":4,"20":14,"21":14,"22":1,"23":1,"24":1,"25":1,"26":1,"27":22,"28":4,"29":4,"30":22,"31":3,"32":4,"33":4,"34":3,"35":22,"36":22,"37":1,"38":1,"39":1,"40":1,"41":1,"42":0,"43":0},"branchMap":{"0":{"type":"branch","line":4,"loc":{"start":{"line":4,"column":20},"end":{"line":4,"column":55}},"locations":[{"start":{"line":4,"column":20},"end":{"line":4,"column":55}}]},"1":{"type":"branch","line":6,"loc":{"start":{"line":6,"column":33},"end":{"line":12,"column":2}},"locations":[{"start":{"line":6,"column":33},"end":{"line":12,"column":2}}]},"2":{"type":"branch","line":8,"loc":{"start":{"line":8,"column":49},"end":{"line":10,"column":64}},"locations":[{"start":{"line":8,"column":49},"end":{"line":10,"column":64}}]},"3":{"type":"branch","line":9,"loc":{"start":{"line":9,"column":-1},"end":{"line":9,"column":71}},"locations":[{"start":{"line":9,"column":-1},"end":{"line":9,"column":71}}]},"4":{"type":"branch","line":10,"loc":{"start":{"line":10,"column":-1},"end":{"line":10,"column":64}},"locations":[{"start":{"line":10,"column":-1},"end":{"line":10,"column":64}}]},"5":{"type":"branch","line":14,"loc":{"start":{"line":14,"column":27},"end":{"line":22,"column":2}},"locations":[{"start":{"line":14,"column":27},"end":{"line":22,"column":2}}]},"6":{"type":"branch","line":15,"loc":{"start":{"line":15,"column":31},"end":{"line":20,"column":3}},"locations":[{"start":{"line":15,"column":31},"end":{"line":20,"column":3}}]},"7":{"type":"branch","line":16,"loc":{"start":{"line":16,"column":32},"end":{"line":20,"column":3}},"locations":[{"start":{"line":16,"column":32},"end":{"line":20,"column":3}}]},"8":{"type":"branch","line":20,"loc":{"start":{"line":20,"column":2},"end":{"line":22,"column":2}},"locations":[{"start":{"line":20,"column":2},"end":{"line":22,"column":2}}]},"9":{"type":"branch","line":24,"loc":{"start":{"line":24,"column":36},"end":{"line":40,"column":2}},"locations":[{"start":{"line":24,"column":36},"end":{"line":40,"column":2}}]},"10":{"type":"branch","line":27,"loc":{"start":{"line":27,"column":16},"end":{"line":38,"column":3}},"locations":[{"start":{"line":27,"column":16},"end":{"line":38,"column":3}}]},"11":{"type":"branch","line":28,"loc":{"start":{"line":28,"column":31},"end":{"line":30,"column":5}},"locations":[{"start":{"line":28,"column":31},"end":{"line":30,"column":5}}]},"12":{"type":"branch","line":31,"loc":{"start":{"line":31,"column":31},"end":{"line":35,"column":5}},"locations":[{"start":{"line":31,"column":31},"end":{"line":35,"column":5}}]},"13":{"type":"branch","line":32,"loc":{"start":{"line":32,"column":58},"end":{"line":34,"column":7}},"locations":[{"start":{"line":32,"column":58},"end":{"line":34,"column":7}}]}},"b":{"0":[42],"1":[7],"2":[9],"3":[3],"4":[6],"5":[22],"6":[8],"7":[4],"8":[14],"9":[1],"10":[22],"11":[4],"12":[3],"13":[4]},"fnMap":{"0":{"name":"makeIndent","decl":{"start":{"line":4,"column":20},"end":{"line":4,"column":55}},"loc":{"start":{"line":4,"column":20},"end":{"line":4,"column":55}},"line":4},"1":{"name":"printObjectFieldsStylish","decl":{"start":{"line":6,"column":33},"end":{"line":12,"column":2}},"loc":{"start":{"line":6,"column":33},"end":{"line":12,"column":2}},"line":6},"2":{"name":"printValueStylish","decl":{"start":{"line":14,"column":27},"end":{"line":22,"column":2}},"loc":{"start":{"line":14,"column":27},"end":{"line":22,"column":2}},"line":14},"3":{"name":"printMessageStylish","decl":{"start":{"line":24,"column":36},"end":{"line":40,"column":2}},"loc":{"start":{"line":24,"column":36},"end":{"line":40,"column":2}},"line":24},"4":{"name":"printMessageOther","decl":{"start":{"line":42,"column":33},"end":{"line":44,"column":2}},"loc":{"start":{"line":42,"column":33},"end":{"line":44,"column":2}},"line":42}},"f":{"0":42,"1":7,"2":22,"3":1,"4":0}}
,"/home/katerus16/frontend-project-46/src/parsers.js": {"path":"/home/katerus16/frontend-project-46/src/parsers.js","all":false,"statementMap":{"0":{"start":{"line":1,"column":0},"end":{"line":1,"column":39}},"1":{"start":{"line":2,"column":0},"end":{"line":2,"column":29}},"2":{"start":{"line":3,"column":0},"end":{"line":3,"column":27}},"3":{"start":{"line":4,"column":0},"end":{"line":4,"column":0}},"4":{"start":{"line":5,"column":0},"end":{"line":5,"column":32}},"5":{"start":{"line":6,"column":0},"end":{"line":6,"column":56}},"6":{"start":{"line":7,"column":0},"end":{"line":7,"column":43}},"7":{"start":{"line":8,"column":0},"end":{"line":8,"column":37}},"8":{"start":{"line":9,"column":0},"end":{"line":9,"column":15}},"9":{"start":{"line":10,"column":0},"end":{"line":10,"column":108}},"10":{"start":{"line":11,"column":0},"end":{"line":11,"column":43}},"11":{"start":{"line":12,"column":0},"end":{"line":12,"column":36}},"12":{"start":{"line":13,"column":0},"end":{"line":13,"column":15}},"13":{"start":{"line":14,"column":0},"end":{"line":14,"column":3}},"14":{"start":{"line":15,"column":0},"end":{"line":15,"column":14}},"15":{"start":{"line":16,"column":0},"end":{"line":16,"column":2}},"16":{"start":{"line":17,"column":0},"end":{"line":17,"column":0}},"17":{"start":{"line":18,"column":0},"end":{"line":18,"column":25}}},"s":{"0":1,"1":1,"2":1,"3":1,"4":1,"5":5,"6":3,"7":3,"8":3,"9":5,"10":2,"11":2,"12":2,"13":2,"14":0,"15":0,"16":1,"17":1},"branchMap":{"0":{"type":"branch","line":5,"loc":{"start":{"line":5,"column":19},"end":{"line":16,"column":2}},"locations":[{"start":{"line":5,"column":19},"end":{"line":16,"column":2}}]},"1":{"type":"branch","line":6,"loc":{"start":{"line":6,"column":55},"end":{"line":10,"column":4}},"locations":[{"start":{"line":6,"column":55},"end":{"line":10,"column":4}}]},"2":{"type":"branch","line":10,"loc":{"start":{"line":10,"column":2},"end":{"line":10,"column":58}},"locations":[{"start":{"line":10,"column":2},"end":{"line":10,"column":58}}]},"3":{"type":"branch","line":10,"loc":{"start":{"line":10,"column":54},"end":{"line":10,"column":105}},"locations":[{"start":{"line":10,"column":54},"end":{"line":10,"column":105}}]},"4":{"type":"branch","line":10,"loc":{"start":{"line":10,"column":107},"end":{"line":14,"column":3}},"locations":[{"start":{"line":10,"column":107},"end":{"line":14,"column":3}}]},"5":{"type":"branch","line":14,"loc":{"start":{"line":14,"column":2},"end":{"line":16,"column":2}},"locations":[{"start":{"line":14,"column":2},"end":{"line":16,"column":2}}]}},"b":{"0":[5],"1":[3],"2":[2],"3":[1],"4":[2],"5":[0]},"fnMap":{"0":{"name":"parseFile","decl":{"start":{"line":5,"column":19},"end":{"line":16,"column":2}},"loc":{"start":{"line":5,"column":19},"end":{"line":16,"column":2}},"line":5}},"f":{"0":5}}
,"/home/katerus16/frontend-project-46/src/utils.js": {"path":"/home/katerus16/frontend-project-46/src/utils.js","all":false,"statementMap":{"0":{"start":{"line":1,"column":0},"end":{"line":1,"column":75}},"1":{"start":{"line":2,"column":0},"end":{"line":2,"column":0}},"2":{"start":{"line":3,"column":0},"end":{"line":3,"column":45}},"3":{"start":{"line":4,"column":0},"end":{"line":4,"column":44}},"4":{"start":{"line":5,"column":0},"end":{"line":5,"column":29}}},"s":{"0":1,"1":1,"2":1,"3":18,"4":1},"branchMap":{"0":{"type":"branch","line":1,"loc":{"start":{"line":1,"column":25},"end":{"line":1,"column":74}},"locations":[{"start":{"line":1,"column":25},"end":{"line":1,"column":74}}]},"1":{"type":"branch","line":1,"loc":{"start":{"line":1,"column":58},"end":{"line":1,"column":74}},"locations":[{"start":{"line":1,"column":58},"end":{"line":1,"column":74}}]},"2":{"type":"branch","line":3,"loc":{"start":{"line":3,"column":23},"end":{"line":5,"column":28}},"locations":[{"start":{"line":3,"column":23},"end":{"line":5,"column":28}}]},"3":{"type":"branch","line":4,"loc":{"start":{"line":4,"column":21},"end":{"line":4,"column":44}},"locations":[{"start":{"line":4,"column":21},"end":{"line":4,"column":44}}]},"4":{"type":"branch","line":5,"loc":{"start":{"line":5,"column":-1},"end":{"line":5,"column":28}},"locations":[{"start":{"line":5,"column":-1},"end":{"line":5,"column":28}}]}},"b":{"0":[66],"1":[30],"2":[18],"3":[6],"4":[14]},"fnMap":{"0":{"name":"isObject","decl":{"start":{"line":1,"column":25},"end":{"line":1,"column":74}},"loc":{"start":{"line":1,"column":25},"end":{"line":1,"column":74}},"line":1},"1":{"name":"isEqual","decl":{"start":{"line":3,"column":23},"end":{"line":5,"column":28}},"loc":{"start":{"line":3,"column":23},"end":{"line":5,"column":28}},"line":3}},"f":{"0":66,"1":18}}
}
