TN:
SF:index.js
FN:5,parseFile
FN:14,genDiff
FNF:2
FNH:2
FNDA:2,parseFile
FNDA:1,genDiff
DA:1,1
DA:2,1
DA:3,1
DA:4,1
DA:5,1
DA:6,2
DA:7,2
DA:8,2
DA:9,2
DA:10,2
DA:11,0
DA:12,0
DA:13,1
DA:14,1
DA:15,1
DA:16,1
DA:17,1
DA:18,1
DA:19,1
DA:20,5
DA:21,1
DA:22,5
DA:23,4
DA:24,3
DA:25,3
DA:26,4
DA:27,2
DA:28,2
DA:29,4
DA:30,1
DA:31,1
DA:32,1
DA:33,6
DA:34,1
DA:35,1
DA:36,1
LF:36
LH:34
BRDA:5,0,0,2
BRDA:10,1,0,0
BRDA:14,2,0,1
BRDA:19,3,0,5
BRDA:20,4,0,1
BRDA:22,5,0,4
BRDA:23,6,0,3
BRDA:26,7,0,2
BRDA:32,8,0,6
BRF:9
BRH:8
end_of_record
