TN:
SF:index.js
FN:5,genDiffRecursively
FN:35,genDiff
FNF:2
FNH:2
FNDA:5,genDiffRecursively
FNDA:1,genDiff
DA:1,1
DA:2,1
DA:3,1
DA:4,1
DA:5,1
DA:6,5
DA:7,5
DA:8,5
DA:9,5
DA:10,18
DA:11,18
DA:12,7
DA:13,7
DA:14,7
DA:15,7
DA:16,4
DA:17,4
DA:18,18
DA:19,11
DA:20,6
DA:21,6
DA:22,6
DA:23,6
DA:24,11
DA:25,9
DA:26,9
DA:27,9
DA:28,9
DA:29,11
DA:30,18
DA:31,5
DA:32,5
DA:33,5
DA:34,1
DA:35,1
DA:36,1
DA:37,1
DA:38,1
DA:39,1
DA:40,1
LF:40
LH:40
BRDA:5,0,0,5
BRDA:9,1,0,18
BRDA:11,2,0,7
BRDA:15,3,0,4
BRDA:15,4,0,4
BRDA:18,5,0,11
BRDA:19,6,0,6
BRDA:24,7,0,9
BRDA:35,8,0,1
BRDA:37,9,0,0
BRF:10
BRH:9
end_of_record
TN:
SF:src/formaters.js
FN:4,makeIndent
FN:6,printObjectFieldsStylish
FN:14,printValueStylish
FN:24,printMessageStylish
FN:42,printMessageOther
FNF:5
FNH:4
FNDA:42,makeIndent
FNDA:7,printObjectFieldsStylish
FNDA:22,printValueStylish
FNDA:1,printMessageStylish
FNDA:0,printMessageOther
DA:1,1
DA:2,1
DA:3,1
DA:4,1
DA:5,1
DA:6,1
DA:7,7
DA:8,7
DA:9,3
DA:10,7
DA:11,7
DA:12,7
DA:13,1
DA:14,1
DA:15,22
DA:16,8
DA:17,4
DA:18,4
DA:19,4
DA:20,4
DA:21,14
DA:22,14
DA:23,1
DA:24,1
DA:25,1
DA:26,1
DA:27,1
DA:28,22
DA:29,4
DA:30,4
DA:31,22
DA:32,3
DA:33,4
DA:34,4
DA:35,3
DA:36,22
DA:37,22
DA:38,1
DA:39,1
DA:40,1
DA:41,1
DA:42,1
DA:43,0
DA:44,0
LF:44
LH:42
BRDA:4,0,0,42
BRDA:6,1,0,7
BRDA:8,2,0,9
BRDA:9,3,0,3
BRDA:10,4,0,6
BRDA:14,5,0,22
BRDA:15,6,0,8
BRDA:16,7,0,4
BRDA:20,8,0,14
BRDA:24,9,0,1
BRDA:27,10,0,22
BRDA:28,11,0,4
BRDA:31,12,0,3
BRDA:32,13,0,4
BRF:14
BRH:14
end_of_record
TN:
SF:src/parsers.js
FN:5,parseFile
FNF:1
FNH:1
FNDA:5,parseFile
DA:1,1
DA:2,1
DA:3,1
DA:4,1
DA:5,1
DA:6,5
DA:7,3
DA:8,3
DA:9,3
DA:10,5
DA:11,2
DA:12,2
DA:13,2
DA:14,2
DA:15,0
DA:16,0
DA:17,1
DA:18,1
LF:18
LH:16
BRDA:5,0,0,5
BRDA:6,1,0,3
BRDA:10,2,0,2
BRDA:10,3,0,1
BRDA:10,4,0,2
BRDA:14,5,0,0
BRF:6
BRH:5
end_of_record
TN:
SF:src/utils.js
FN:1,isObject
FN:3,isEqual
FNF:2
FNH:2
FNDA:66,isObject
FNDA:18,isEqual
DA:1,1
DA:2,1
DA:3,1
DA:4,18
DA:5,1
LF:5
LH:5
BRDA:1,0,0,66
BRDA:1,1,0,30
BRDA:3,2,0,18
BRDA:4,3,0,6
BRDA:5,4,0,14
BRF:5
BRH:5
end_of_record
